DEPRECATION WARNING: Paths in SQLite3 database URLs of the form `sqlite3:///path` will be treated as absolute in Rails 4.2. Please switch to `sqlite3:/tmp/my.db`. (called from block in <class:Rubytorrent> at /Users/gabrimac/Documents/sinatra/rubytorrent/app.rb:15)
        SECURITY WARNING: No secret option provided to Rack::Session::Cookie.
        This poses a security threat. It is strongly recommended that you
        provide a secret to prevent exploits that may be possible from crafted
        cookies. This will not be supported in future versions of Rack, and
        future versions will even invalidate your existing user cookies.

        Called from: /Users/gabrimac/.rbenv/versions/2.1.2/lib/ruby/gems/2.1.0/gems/rack-1.5.2/lib/rack/builder.rb:86:in `new'.
127.0.0.1 - - [12/Oct/2014 14:32:19] "GET /rubytorrent/torrents HTTP/1.1" 200 185 0.0282
127.0.0.1 - - [12/Oct/2014 14:32:34] "POST /rubytorrent/torrents HTTP/1.1" 201 48 0.0135
127.0.0.1 - - [12/Oct/2014 14:32:34] "GET /rubytorrent/torrents HTTP/1.1" 200 234 0.0032
NoMethodError - undefined method `all' for File:Class:
	/Users/gabrimac/Documents/sinatra/rubytorrent/routes/files.rb:4:in `block in <class:Rubytorrent>'
	/Users/gabrimac/.rbenv/versions/2.1.2/lib/ruby/gems/2.1.0/gems/sinatra-1.4.5/lib/sinatra/base.rb:1603:in `call'
	/Users/gabrimac/.rbenv/versions/2.1.2/lib/ruby/gems/2.1.0/gems/sinatra-1.4.5/lib/sinatra/base.rb:1603:in `block in compile!'
	/Users/gabrimac/.rbenv/versions/2.1.2/lib/ruby/gems/2.1.0/gems/sinatra-1.4.5/lib/sinatra/base.rb:966:in `[]'
	/Users/gabrimac/.rbenv/versions/2.1.2/lib/ruby/gems/2.1.0/gems/sinatra-1.4.5/lib/sinatra/base.rb:966:in `block (3 levels) in route!'
	/Users/gabrimac/.rbenv/versions/2.1.2/lib/ruby/gems/2.1.0/gems/sinatra-1.4.5/lib/sinatra/base.rb:985:in `route_eval'
	/Users/gabrimac/.rbenv/versions/2.1.2/lib/ruby/gems/2.1.0/gems/sinatra-1.4.5/lib/sinatra/base.rb:966:in `block (2 levels) in route!'
	/Users/gabrimac/.rbenv/versions/2.1.2/lib/ruby/gems/2.1.0/gems/sinatra-1.4.5/lib/sinatra/base.rb:1006:in `block in process_route'
	/Users/gabrimac/.rbenv/versions/2.1.2/lib/ruby/gems/2.1.0/gems/sinatra-1.4.5/lib/sinatra/base.rb:1004:in `catch'
	/Users/gabrimac/.rbenv/versions/2.1.2/lib/ruby/gems/2.1.0/gems/sinatra-1.4.5/lib/sinatra/base.rb:1004:in `process_route'
	/Users/gabrimac/.rbenv/versions/2.1.2/lib/ruby/gems/2.1.0/gems/sinatra-1.4.5/lib/sinatra/base.rb:964:in `block in route!'
	/Users/gabrimac/.rbenv/versions/2.1.2/lib/ruby/gems/2.1.0/gems/sinatra-1.4.5/lib/sinatra/base.rb:963:in `each'
	/Users/gabrimac/.rbenv/versions/2.1.2/lib/ruby/gems/2.1.0/gems/sinatra-1.4.5/lib/sinatra/base.rb:963:in `route!'
	/Users/gabrimac/.rbenv/versions/2.1.2/lib/ruby/gems/2.1.0/gems/sinatra-1.4.5/lib/sinatra/base.rb:1076:in `block in dispatch!'
	/Users/gabrimac/.rbenv/versions/2.1.2/lib/ruby/gems/2.1.0/gems/sinatra-1.4.5/lib/sinatra/base.rb:1058:in `block in invoke'
	/Users/gabrimac/.rbenv/versions/2.1.2/lib/ruby/gems/2.1.0/gems/sinatra-1.4.5/lib/sinatra/base.rb:1058:in `catch'
	/Users/gabrimac/.rbenv/versions/2.1.2/lib/ruby/gems/2.1.0/gems/sinatra-1.4.5/lib/sinatra/base.rb:1058:in `invoke'
	/Users/gabrimac/.rbenv/versions/2.1.2/lib/ruby/gems/2.1.0/gems/sinatra-1.4.5/lib/sinatra/base.rb:1073:in `dispatch!'
	/Users/gabrimac/.rbenv/versions/2.1.2/lib/ruby/gems/2.1.0/gems/sinatra-1.4.5/lib/sinatra/base.rb:898:in `block in call!'
	/Users/gabrimac/.rbenv/versions/2.1.2/lib/ruby/gems/2.1.0/gems/sinatra-1.4.5/lib/sinatra/base.rb:1058:in `block in invoke'
	/Users/gabrimac/.rbenv/versions/2.1.2/lib/ruby/gems/2.1.0/gems/sinatra-1.4.5/lib/sinatra/base.rb:1058:in `catch'
	/Users/gabrimac/.rbenv/versions/2.1.2/lib/ruby/gems/2.1.0/gems/sinatra-1.4.5/lib/sinatra/base.rb:1058:in `invoke'
	/Users/gabrimac/.rbenv/versions/2.1.2/lib/ruby/gems/2.1.0/gems/sinatra-1.4.5/lib/sinatra/base.rb:898:in `call!'
	/Users/gabrimac/.rbenv/versions/2.1.2/lib/ruby/gems/2.1.0/gems/sinatra-1.4.5/lib/sinatra/base.rb:886:in `call'
	/Users/gabrimac/.rbenv/versions/2.1.2/lib/ruby/gems/2.1.0/gems/rack-protection-1.5.3/lib/rack/protection/xss_header.rb:18:in `call'
	/Users/gabrimac/.rbenv/versions/2.1.2/lib/ruby/gems/2.1.0/gems/rack-protection-1.5.3/lib/rack/protection/base.rb:49:in `call'
	/Users/gabrimac/.rbenv/versions/2.1.2/lib/ruby/gems/2.1.0/gems/rack-protection-1.5.3/lib/rack/protection/base.rb:49:in `call'
	/Users/gabrimac/.rbenv/versions/2.1.2/lib/ruby/gems/2.1.0/gems/rack-protection-1.5.3/lib/rack/protection/path_traversal.rb:16:in `call'
	/Users/gabrimac/.rbenv/versions/2.1.2/lib/ruby/gems/2.1.0/gems/rack-protection-1.5.3/lib/rack/protection/json_csrf.rb:18:in `call'
	/Users/gabrimac/.rbenv/versions/2.1.2/lib/ruby/gems/2.1.0/gems/rack-protection-1.5.3/lib/rack/protection/base.rb:49:in `call'
	/Users/gabrimac/.rbenv/versions/2.1.2/lib/ruby/gems/2.1.0/gems/rack-protection-1.5.3/lib/rack/protection/base.rb:49:in `call'
	/Users/gabrimac/.rbenv/versions/2.1.2/lib/ruby/gems/2.1.0/gems/rack-protection-1.5.3/lib/rack/protection/frame_options.rb:31:in `call'
	/Users/gabrimac/.rbenv/versions/2.1.2/lib/ruby/gems/2.1.0/gems/rack-1.5.2/lib/rack/session/abstract/id.rb:225:in `context'
	/Users/gabrimac/.rbenv/versions/2.1.2/lib/ruby/gems/2.1.0/gems/rack-1.5.2/lib/rack/session/abstract/id.rb:220:in `call'
	/Users/gabrimac/.rbenv/versions/2.1.2/lib/ruby/gems/2.1.0/gems/rack-1.5.2/lib/rack/logger.rb:15:in `call'
	/Users/gabrimac/.rbenv/versions/2.1.2/lib/ruby/gems/2.1.0/gems/sinatra-1.4.5/lib/sinatra/base.rb:210:in `call'
	/Users/gabrimac/.rbenv/versions/2.1.2/lib/ruby/gems/2.1.0/gems/rack-1.5.2/lib/rack/head.rb:11:in `call'
	/Users/gabrimac/.rbenv/versions/2.1.2/lib/ruby/gems/2.1.0/gems/rack-1.5.2/lib/rack/methodoverride.rb:21:in `call'
	/Users/gabrimac/.rbenv/versions/2.1.2/lib/ruby/gems/2.1.0/gems/sinatra-1.4.5/lib/sinatra/show_exceptions.rb:21:in `call'
	/Users/gabrimac/.rbenv/versions/2.1.2/lib/ruby/gems/2.1.0/gems/sinatra-1.4.5/lib/sinatra/base.rb:180:in `call'
	/Users/gabrimac/.rbenv/versions/2.1.2/lib/ruby/gems/2.1.0/gems/sinatra-1.4.5/lib/sinatra/base.rb:2014:in `call'
	/Users/gabrimac/.rbenv/versions/2.1.2/lib/ruby/gems/2.1.0/gems/rack-1.5.2/lib/rack/lint.rb:49:in `_call'
	/Users/gabrimac/.rbenv/versions/2.1.2/lib/ruby/gems/2.1.0/gems/rack-1.5.2/lib/rack/lint.rb:37:in `call'
	/Users/gabrimac/.rbenv/versions/2.1.2/lib/ruby/gems/2.1.0/gems/rack-1.5.2/lib/rack/showexceptions.rb:24:in `call'
	/Users/gabrimac/.rbenv/versions/2.1.2/lib/ruby/gems/2.1.0/gems/rack-1.5.2/lib/rack/commonlogger.rb:33:in `call'
	/Users/gabrimac/.rbenv/versions/2.1.2/lib/ruby/gems/2.1.0/gems/sinatra-1.4.5/lib/sinatra/base.rb:217:in `call'
	/Users/gabrimac/.rbenv/versions/2.1.2/lib/ruby/gems/2.1.0/gems/rack-1.5.2/lib/rack/chunked.rb:43:in `call'
	/Users/gabrimac/.rbenv/versions/2.1.2/lib/ruby/gems/2.1.0/gems/rack-1.5.2/lib/rack/content_length.rb:14:in `call'
	/Users/gabrimac/.rbenv/versions/2.1.2/lib/ruby/gems/2.1.0/gems/thin-1.6.2/lib/thin/connection.rb:86:in `block in pre_process'
	/Users/gabrimac/.rbenv/versions/2.1.2/lib/ruby/gems/2.1.0/gems/thin-1.6.2/lib/thin/connection.rb:84:in `catch'
	/Users/gabrimac/.rbenv/versions/2.1.2/lib/ruby/gems/2.1.0/gems/thin-1.6.2/lib/thin/connection.rb:84:in `pre_process'
	/Users/gabrimac/.rbenv/versions/2.1.2/lib/ruby/gems/2.1.0/gems/thin-1.6.2/lib/thin/connection.rb:53:in `process'
	/Users/gabrimac/.rbenv/versions/2.1.2/lib/ruby/gems/2.1.0/gems/thin-1.6.2/lib/thin/connection.rb:39:in `receive_data'
	/Users/gabrimac/.rbenv/versions/2.1.2/lib/ruby/gems/2.1.0/gems/eventmachine-1.0.3/lib/eventmachine.rb:187:in `run_machine'
	/Users/gabrimac/.rbenv/versions/2.1.2/lib/ruby/gems/2.1.0/gems/eventmachine-1.0.3/lib/eventmachine.rb:187:in `run'
	/Users/gabrimac/.rbenv/versions/2.1.2/lib/ruby/gems/2.1.0/gems/thin-1.6.2/lib/thin/backends/base.rb:73:in `start'
	/Users/gabrimac/.rbenv/versions/2.1.2/lib/ruby/gems/2.1.0/gems/thin-1.6.2/lib/thin/server.rb:162:in `start'
	/Users/gabrimac/.rbenv/versions/2.1.2/lib/ruby/gems/2.1.0/gems/rack-1.5.2/lib/rack/handler/thin.rb:16:in `run'
	/Users/gabrimac/.rbenv/versions/2.1.2/lib/ruby/gems/2.1.0/gems/rack-1.5.2/lib/rack/server.rb:264:in `start'
	/Users/gabrimac/.rbenv/versions/2.1.2/lib/ruby/gems/2.1.0/gems/rack-1.5.2/lib/rack/server.rb:141:in `start'
	/Users/gabrimac/.rbenv/versions/2.1.2/lib/ruby/gems/2.1.0/gems/rack-1.5.2/bin/rackup:4:in `<top (required)>'
	/Users/gabrimac/.rbenv/versions/2.1.2/bin/rackup:23:in `load'
	/Users/gabrimac/.rbenv/versions/2.1.2/bin/rackup:23:in `<main>'Thin web server (v1.6.2 codename Doc Brown)
Maximum connections set to 1024
Listening on 0.0.0.0:9292, CTRL+C to stop
Stopping ...
DEPRECATION WARNING: Paths in SQLite3 database URLs of the form `sqlite3:///path` will be treated as absolute in Rails 4.2. Please switch to `sqlite3:/tmp/my.db`. (called from block in <class:Rubytorrent> at /Users/gabrimac/Documents/sinatra/rubytorrent/app.rb:15)
        SECURITY WARNING: No secret option provided to Rack::Session::Cookie.
        This poses a security threat. It is strongly recommended that you
        provide a secret to prevent exploits that may be possible from crafted
        cookies. This will not be supported in future versions of Rack, and
        future versions will even invalidate your existing user cookies.

        Called from: /Users/gabrimac/.rbenv/versions/2.1.2/lib/ruby/gems/2.1.0/gems/rack-1.5.2/lib/rack/builder.rb:86:in `new'.
Thin web server (v1.6.2 codename Doc Brown)
Maximum connections set to 1024
Listening on 0.0.0.0:9292, CTRL+C to stop
Stopping ...
DEPRECATION WARNING: Paths in SQLite3 database URLs of the form `sqlite3:///path` will be treated as absolute in Rails 4.2. Please switch to `sqlite3:/tmp/my.db`. (called from block in <class:Rubytorrent> at /Users/gabrimac/Documents/sinatra/rubytorrent/app.rb:15)
        SECURITY WARNING: No secret option provided to Rack::Session::Cookie.
        This poses a security threat. It is strongly recommended that you
        provide a secret to prevent exploits that may be possible from crafted
        cookies. This will not be supported in future versions of Rack, and
        future versions will even invalidate your existing user cookies.

        Called from: /Users/gabrimac/.rbenv/versions/2.1.2/lib/ruby/gems/2.1.0/gems/rack-1.5.2/lib/rack/builder.rb:86:in `new'.
